\BOOKMARK [0][-]{bm@frontpage.0}{\376\377\134\001\227\142}{}% 1
\BOOKMARK [0][-]{chapter.1}{\376\377\000\040\000\040\217\157\116\366\227\000\154\102\211\304\150\074\213\364\146\016\116\146}{}% 2
\BOOKMARK [1][-]{section.1.1}{\376\377\0001\000\040\151\202\217\360}{chapter.1}% 3
\BOOKMARK [2][-]{subsection.1.1.1}{\376\377\0001\000.\0001\000\040\166\356\166\204}{section.1.1}% 4
\BOOKMARK [2][-]{subsection.1.1.2}{\376\377\0001\000.\0002\000\040\203\003\126\364}{section.1.1}% 5
\BOOKMARK [2][-]{subsection.1.1.3}{\376\377\0001\000.\0003\000\040\133\232\116\111\060\001\177\051\165\145\213\355\123\312\177\051\121\231}{section.1.1}% 6
\BOOKMARK [2][-]{subsection.1.1.4}{\376\377\0001\000.\0004\000\040\123\302\200\003\215\104\145\231}{section.1.1}% 7
\BOOKMARK [2][-]{subsection.1.1.5}{\376\377\0001\000.\0005\000\040\145\207\150\143\151\202\214\214}{section.1.1}% 8
\BOOKMARK [1][-]{section.1.2}{\376\377\0002\000\040\140\073\117\123\213\364\146\016}{chapter.1}% 9
\BOOKMARK [2][-]{subsection.1.2.1}{\376\377\0002\000.\0001\000\040\165\050\117\213\152\041\127\213\151\202\211\310}{section.1.2}% 10
\BOOKMARK [3][-]{subsubsection.1.2.1.1}{\376\377\0002\000.\0001\000.\0001\000\040\174\373\176\337\166\204\123\302\116\016\200\005\377\010\000A\000c\000t\000o\000r\000s\377\011}{subsection.1.2.1}% 11
\BOOKMARK [3][-]{subsubsection.1.2.1.2}{\376\377\0002\000.\0001\000.\0002\000\040\174\373\176\337\116\073\211\201\165\050\117\213}{subsection.1.2.1}% 12
\BOOKMARK [3][-]{subsubsection.1.2.1.3}{\376\377\0002\000.\0001\000.\0003\000\040\165\050\117\213\211\306\126\376}{subsection.1.2.1}% 13
\BOOKMARK [2][-]{subsection.1.2.2}{\376\377\0002\000.\0002\000\040\120\107\213\276\116\016\117\235\215\126}{section.1.2}% 14
\BOOKMARK [1][-]{section.1.3}{\376\377\0003\000\040\121\167\117\123\227\000\154\102}{chapter.1}% 15
\BOOKMARK [2][-]{subsection.1.3.1}{\376\377\0003\000.\0001\000\040\165\050\117\213\142\245\124\112}{section.1.3}% 16
\BOOKMARK [3][-]{subsubsection.1.3.1.1}{\376\377\0003\000.\0001\000.\0001\000\040\121\154\121\161\165\050\117\213}{subsection.1.3.1}% 17
\BOOKMARK [3][-]{subsubsection.1.3.1.2}{\376\377\0003\000.\0001\000.\0002\000\040\213\277\133\242\165\050\117\213}{subsection.1.3.1}% 18
\BOOKMARK [3][-]{subsubsection.1.3.1.3}{\376\377\0003\000.\0001\000.\0003\000\040\154\350\121\214\165\050\142\067\165\050\117\213}{subsection.1.3.1}% 19
\BOOKMARK [3][-]{subsubsection.1.3.1.4}{\376\377\0003\000.\0001\000.\0004\000\040\173\241\164\006\124\130\165\050\117\213}{subsection.1.3.1}% 20
\BOOKMARK [1][-]{section.1.4}{\376\377\0004\000\040\210\145\121\105\227\000\154\102}{chapter.1}% 21
\BOOKMARK [2][-]{subsection.1.4.1}{\376\377\0004\000.\0001\000\040\122\237\200\375\140\047\227\000\154\102\210\145\121\105}{section.1.4}% 22
\BOOKMARK [2][-]{subsection.1.4.2}{\376\377\0004\000.\0002\000\040\123\357\165\050\140\047\227\000\154\102}{section.1.4}% 23
\BOOKMARK [2][-]{subsection.1.4.3}{\376\377\0004\000.\0003\000\040\123\357\227\140\140\047\227\000\154\102}{section.1.4}% 24
\BOOKMARK [2][-]{subsection.1.4.4}{\376\377\0004\000.\0004\000\040\140\047\200\375\227\000\154\102}{section.1.4}% 25
\BOOKMARK [2][-]{subsection.1.4.5}{\376\377\0004\000.\0005\000\040\133\211\121\150\140\047\227\000\154\102}{section.1.4}% 26
\BOOKMARK [2][-]{subsection.1.4.6}{\376\377\0004\000.\0006\000\040\123\357\176\364\142\244\140\047\227\000\154\102}{section.1.4}% 27
\BOOKMARK [2][-]{subsection.1.4.7}{\376\377\0004\000.\0007\000\040\121\174\133\271\140\047\227\000\154\102}{section.1.4}% 28
\BOOKMARK [2][-]{subsection.1.4.8}{\376\377\0004\000.\0008\000\040\213\276\213\241\116\016\176\246\147\137\227\000\154\102}{section.1.4}% 29
